<?xml version="1.0" encoding="UTF-8"?>
<testsuite name="tests.RegistrationTests" tests="1" skipped="0" failures="0" errors="0" timestamp="2022-07-05T20:28:25" hostname="Elenas-MacBook-Air.local" time="0.654">
  <properties/>
  <testcase name="registrationSuccess" classname="tests.RegistrationTests" time="0.654"/>
  <system-out><![CDATA[]]></system-out>
  <system-err><![CDATA[]]></system-err>
</testsuite>
