<?xml version="1.0" encoding="UTF-8"?>
<testsuite name="tests.RegistrationTests" tests="1" skipped="0" failures="0" errors="0" timestamp="2022-07-06T15:05:06" hostname="Elenas-MacBook-Air.local" time="0.651">
  <properties/>
  <testcase name="registrationSuccess" classname="tests.RegistrationTests" time="0.651"/>
  <system-out><![CDATA[]]></system-out>
  <system-err><![CDATA[]]></system-err>
</testsuite>
