<?xml version="1.0" encoding="UTF-8"?>
<testsuite name="tests.AddNewContact" tests="1" skipped="0" failures="0" errors="0" timestamp="2022-07-09T10:55:48" hostname="Elenas-MacBook-Air.local" time="0.724">
  <properties/>
  <testcase name="addNewContactSuccess" classname="tests.AddNewContact" time="0.724"/>
  <system-out><![CDATA[]]></system-out>
  <system-err><![CDATA[]]></system-err>
</testsuite>
